Performing Test HAVE_FCNTL_O_NONBLOCK failed with the following output:
Change Dir: '/Users/chrisbezuidenhout/Documents/Programming/Projects/Greenhouse/build/CMakeFiles/CMakeTmp'

Run Build Command(s): /opt/homebrew/Cellar/cmake/3.29.0/bin/cmake -E env VERBOSE=1 /usr/bin/make -f Makefile cmTC_34357/fast
/Library/Developer/CommandLineTools/usr/bin/make  -f CMakeFiles/cmTC_34357.dir/build.make CMakeFiles/cmTC_34357.dir/build
Building C object CMakeFiles/cmTC_34357.dir/CurlTests.c.obj
/opt/homebrew/bin/arm-none-eabi-gcc   -mcpu=cortex-m0plus -mthumb  -W -Wall -pedantic -Wbad-function-cast -Wconversion -Winline -Wmissing-declarations -Wmissing-prototypes -Wnested-externs -Wno-long-long -Wno-multichar -Wpointer-arith -Wshadow -Wsign-compare -Wundef -Wunused -Wwrite-strings -Waddress -Wattributes -Wcast-align -Wdeclaration-after-statement -Wdiv-by-zero -Wempty-body -Wendif-labels -Wfloat-equal -Wformat-security -Wignored-qualifiers -Wmissing-field-initializers -Wmissing-noreturn -Wno-format-nonliteral -Wno-system-headers -Wold-style-definition -Wredundant-decls -Wsign-conversion -Wno-error=sign-conversion -Wstrict-prototypes -Wtype-limits -Wunreachable-code -Wunused-parameter -Wvla -Wclobbered -Wmissing-parameter-type -Wold-style-declaration -Wstrict-aliasing=3 -Wtrampolines -Wformat=2 -Warray-bounds=2 -ftree-vrp -Wduplicated-cond -Wnull-dereference -fdelete-null-pointer-checks -Wshift-negative-value -Wshift-overflow=2 -Walloc-zero -Wduplicated-branches -Wformat-overflow=2 -Wformat-truncation=2 -Wimplicit-fallthrough -Wrestrict -Warith-conversion -Wdouble-promotion -Wenum-conversion -Wpragmas -Wunused-const-variable -DHAVE_FCNTL_O_NONBLOCK  -DHAVE_SYS_WAIT_H -DHAVE_SYS_PARAM_H -DHAVE_SYS_RESOURCE_H -DHAVE_SYS_SELECT_H -DHAVE_SYS_STAT_H -DHAVE_SYS_TIME_H -DHAVE_SYS_TYPES_H -DHAVE_SYS_UTIME_H -DHAVE_FCNTL_H -DHAVE_LIBGEN_H -DHAVE_LOCALE_H -DHAVE_PWD_H -DHAVE_STDATOMIC_H -DHAVE_STDBOOL_H -DHAVE_STRINGS_H -DHAVE_UNISTD_H -DHAVE_UTIME_H -std=gnu11 -o CMakeFiles/cmTC_34357.dir/CurlTests.c.obj -c /Users/chrisbezuidenhout/Documents/Programming/Projects/Greenhouse/lib/curl/CMake/CurlTests.c
Linking C executable cmTC_34357.elf
/opt/homebrew/Cellar/cmake/3.29.0/bin/cmake -E cmake_link_script CMakeFiles/cmTC_34357.dir/link.txt --verbose=1
/opt/homebrew/bin/arm-none-eabi-gcc -mcpu=cortex-m0plus -mthumb  -W -Wall -pedantic -Wbad-function-cast -Wconversion -Winline -Wmissing-declarations -Wmissing-prototypes -Wnested-externs -Wno-long-long -Wno-multichar -Wpointer-arith -Wshadow -Wsign-compare -Wundef -Wunused -Wwrite-strings -Waddress -Wattributes -Wcast-align -Wdeclaration-after-statement -Wdiv-by-zero -Wempty-body -Wendif-labels -Wfloat-equal -Wformat-security -Wignored-qualifiers -Wmissing-field-initializers -Wmissing-noreturn -Wno-format-nonliteral -Wno-system-headers -Wold-style-definition -Wredundant-decls -Wsign-conversion -Wno-error=sign-conversion -Wstrict-prototypes -Wtype-limits -Wunreachable-code -Wunused-parameter -Wvla -Wclobbered -Wmissing-parameter-type -Wold-style-declaration -Wstrict-aliasing=3 -Wtrampolines -Wformat=2 -Warray-bounds=2 -ftree-vrp -Wduplicated-cond -Wnull-dereference -fdelete-null-pointer-checks -Wshift-negative-value -Wshift-overflow=2 -Walloc-zero -Wduplicated-branches -Wformat-overflow=2 -Wformat-truncation=2 -Wimplicit-fallthrough -Wrestrict -Warith-conversion -Wdouble-promotion -Wenum-conversion -Wpragmas -Wunused-const-variable -DHAVE_FCNTL_O_NONBLOCK  -DHAVE_SYS_WAIT_H -DHAVE_SYS_PARAM_H -DHAVE_SYS_RESOURCE_H -DHAVE_SYS_SELECT_H -DHAVE_SYS_STAT_H -DHAVE_SYS_TIME_H -DHAVE_SYS_TYPES_H -DHAVE_SYS_UTIME_H -DHAVE_FCNTL_H -DHAVE_LIBGEN_H -DHAVE_LOCALE_H -DHAVE_PWD_H -DHAVE_STDATOMIC_H -DHAVE_STDBOOL_H -DHAVE_STRINGS_H -DHAVE_UNISTD_H -DHAVE_UTIME_H -Wl,--build-id=none -nostdlib CMakeFiles/cmTC_34357.dir/CurlTests.c.obj -o cmTC_34357.elf  /opt/homebrew/Cellar/openssl@3/3.2.1/lib/libssl.a /opt/homebrew/Cellar/openssl@3/3.2.1/lib/libcrypto.a
/Applications/ArmGNUToolchain/13.2.Rel1/arm-none-eabi/bin/../lib/gcc/arm-none-eabi/13.2.1/../../../../arm-none-eabi/bin/ld: warning: cannot find entry symbol _start; defaulting to 00008000
/Applications/ArmGNUToolchain/13.2.Rel1/arm-none-eabi/bin/../lib/gcc/arm-none-eabi/13.2.1/../../../../arm-none-eabi/bin/ld: CMakeFiles/cmTC_34357.dir/CurlTests.c.obj: in function `main':
CurlTests.c:(.text+0x18): undefined reference to `fcntl'
collect2: error: ld returned 1 exit status
make[1]: *** [cmTC_34357.elf] Error 1
make: *** [cmTC_34357/fast] Error 2


Performing Test HAVE_IOCTLSOCKET failed with the following output:
Change Dir: '/Users/chrisbezuidenhout/Documents/Programming/Projects/Greenhouse/build/CMakeFiles/CMakeTmp'

Run Build Command(s): /opt/homebrew/Cellar/cmake/3.29.0/bin/cmake -E env VERBOSE=1 /usr/bin/make -f Makefile cmTC_4d520/fast
/Library/Developer/CommandLineTools/usr/bin/make  -f CMakeFiles/cmTC_4d520.dir/build.make CMakeFiles/cmTC_4d520.dir/build
Building C object CMakeFiles/cmTC_4d520.dir/CurlTests.c.obj
/opt/homebrew/bin/arm-none-eabi-gcc   -mcpu=cortex-m0plus -mthumb  -W -Wall -pedantic -Wbad-function-cast -Wconversion -Winline -Wmissing-declarations -Wmissing-prototypes -Wnested-externs -Wno-long-long -Wno-multichar -Wpointer-arith -Wshadow -Wsign-compare -Wundef -Wunused -Wwrite-strings -Waddress -Wattributes -Wcast-align -Wdeclaration-after-statement -Wdiv-by-zero -Wempty-body -Wendif-labels -Wfloat-equal -Wformat-security -Wignored-qualifiers -Wmissing-field-initializers -Wmissing-noreturn -Wno-format-nonliteral -Wno-system-headers -Wold-style-definition -Wredundant-decls -Wsign-conversion -Wno-error=sign-conversion -Wstrict-prototypes -Wtype-limits -Wunreachable-code -Wunused-parameter -Wvla -Wclobbered -Wmissing-parameter-type -Wold-style-declaration -Wstrict-aliasing=3 -Wtrampolines -Wformat=2 -Warray-bounds=2 -ftree-vrp -Wduplicated-cond -Wnull-dereference -fdelete-null-pointer-checks -Wshift-negative-value -Wshift-overflow=2 -Walloc-zero -Wduplicated-branches -Wformat-overflow=2 -Wformat-truncation=2 -Wimplicit-fallthrough -Wrestrict -Warith-conversion -Wdouble-promotion -Wenum-conversion -Wpragmas -Wunused-const-variable -DHAVE_IOCTLSOCKET  -DHAVE_SYS_WAIT_H -DHAVE_SYS_PARAM_H -DHAVE_SYS_RESOURCE_H -DHAVE_SYS_SELECT_H -DHAVE_SYS_STAT_H -DHAVE_SYS_TIME_H -DHAVE_SYS_TYPES_H -DHAVE_SYS_UTIME_H -DHAVE_FCNTL_H -DHAVE_LIBGEN_H -DHAVE_LOCALE_H -DHAVE_PWD_H -DHAVE_STDATOMIC_H -DHAVE_STDBOOL_H -DHAVE_STRINGS_H -DHAVE_UNISTD_H -DHAVE_UTIME_H -std=gnu11 -o CMakeFiles/cmTC_4d520.dir/CurlTests.c.obj -c /Users/chrisbezuidenhout/Documents/Programming/Projects/Greenhouse/lib/curl/CMake/CurlTests.c
/Users/chrisbezuidenhout/Documents/Programming/Projects/Greenhouse/lib/curl/CMake/CurlTests.c: In function 'main':
/Users/chrisbezuidenhout/Documents/Programming/Projects/Greenhouse/lib/curl/CMake/CurlTests.c:177:25: warning: implicit declaration of function 'ioctlsocket' [-Wimplicit-function-declaration]
  177 |   unsigned long flags = ioctlsocket(socket, FIONBIO, &flags);
      |                         ^~~~~~~~~~~
/Users/chrisbezuidenhout/Documents/Programming/Projects/Greenhouse/lib/curl/CMake/CurlTests.c:177:25: warning: nested extern declaration of 'ioctlsocket' [-Wnested-externs]
/Users/chrisbezuidenhout/Documents/Programming/Projects/Greenhouse/lib/curl/CMake/CurlTests.c:177:45: error: 'FIONBIO' undeclared (first use in this function)
  177 |   unsigned long flags = ioctlsocket(socket, FIONBIO, &flags);
      |                                             ^~~~~~~
/Users/chrisbezuidenhout/Documents/Programming/Projects/Greenhouse/lib/curl/CMake/CurlTests.c:177:45: note: each undeclared identifier is reported only once for each function it appears in
make[1]: *** [CMakeFiles/cmTC_4d520.dir/CurlTests.c.obj] Error 1
make: *** [cmTC_4d520/fast] Error 2


Performing Test HAVE_IOCTLSOCKET_CAMEL failed with the following output:
Change Dir: '/Users/chrisbezuidenhout/Documents/Programming/Projects/Greenhouse/build/CMakeFiles/CMakeTmp'

Run Build Command(s): /opt/homebrew/Cellar/cmake/3.29.0/bin/cmake -E env VERBOSE=1 /usr/bin/make -f Makefile cmTC_e2b0d/fast
/Library/Developer/CommandLineTools/usr/bin/make  -f CMakeFiles/cmTC_e2b0d.dir/build.make CMakeFiles/cmTC_e2b0d.dir/build
Building C object CMakeFiles/cmTC_e2b0d.dir/CurlTests.c.obj
/opt/homebrew/bin/arm-none-eabi-gcc   -mcpu=cortex-m0plus -mthumb  -W -Wall -pedantic -Wbad-function-cast -Wconversion -Winline -Wmissing-declarations -Wmissing-prototypes -Wnested-externs -Wno-long-long -Wno-multichar -Wpointer-arith -Wshadow -Wsign-compare -Wundef -Wunused -Wwrite-strings -Waddress -Wattributes -Wcast-align -Wdeclaration-after-statement -Wdiv-by-zero -Wempty-body -Wendif-labels -Wfloat-equal -Wformat-security -Wignored-qualifiers -Wmissing-field-initializers -Wmissing-noreturn -Wno-format-nonliteral -Wno-system-headers -Wold-style-definition -Wredundant-decls -Wsign-conversion -Wno-error=sign-conversion -Wstrict-prototypes -Wtype-limits -Wunreachable-code -Wunused-parameter -Wvla -Wclobbered -Wmissing-parameter-type -Wold-style-declaration -Wstrict-aliasing=3 -Wtrampolines -Wformat=2 -Warray-bounds=2 -ftree-vrp -Wduplicated-cond -Wnull-dereference -fdelete-null-pointer-checks -Wshift-negative-value -Wshift-overflow=2 -Walloc-zero -Wduplicated-branches -Wformat-overflow=2 -Wformat-truncation=2 -Wimplicit-fallthrough -Wrestrict -Warith-conversion -Wdouble-promotion -Wenum-conversion -Wpragmas -Wunused-const-variable -DHAVE_IOCTLSOCKET_CAMEL  -DHAVE_SYS_WAIT_H -DHAVE_SYS_PARAM_H -DHAVE_SYS_RESOURCE_H -DHAVE_SYS_SELECT_H -DHAVE_SYS_STAT_H -DHAVE_SYS_TIME_H -DHAVE_SYS_TYPES_H -DHAVE_SYS_UTIME_H -DHAVE_FCNTL_H -DHAVE_LIBGEN_H -DHAVE_LOCALE_H -DHAVE_PWD_H -DHAVE_STDATOMIC_H -DHAVE_STDBOOL_H -DHAVE_STRINGS_H -DHAVE_UNISTD_H -DHAVE_UTIME_H -std=gnu11 -o CMakeFiles/cmTC_e2b0d.dir/CurlTests.c.obj -c /Users/chrisbezuidenhout/Documents/Programming/Projects/Greenhouse/lib/curl/CMake/CurlTests.c
/Users/chrisbezuidenhout/Documents/Programming/Projects/Greenhouse/lib/curl/CMake/CurlTests.c: In function 'main':
/Users/chrisbezuidenhout/Documents/Programming/Projects/Greenhouse/lib/curl/CMake/CurlTests.c:195:11: warning: implicit declaration of function 'IoctlSocket' [-Wimplicit-function-declaration]
  195 |   if(0 != IoctlSocket(0, 0, 0))
      |           ^~~~~~~~~~~
/Users/chrisbezuidenhout/Documents/Programming/Projects/Greenhouse/lib/curl/CMake/CurlTests.c:195:11: warning: nested extern declaration of 'IoctlSocket' [-Wnested-externs]
Linking C executable cmTC_e2b0d.elf
/opt/homebrew/Cellar/cmake/3.29.0/bin/cmake -E cmake_link_script CMakeFiles/cmTC_e2b0d.dir/link.txt --verbose=1
/opt/homebrew/bin/arm-none-eabi-gcc -mcpu=cortex-m0plus -mthumb  -W -Wall -pedantic -Wbad-function-cast -Wconversion -Winline -Wmissing-declarations -Wmissing-prototypes -Wnested-externs -Wno-long-long -Wno-multichar -Wpointer-arith -Wshadow -Wsign-compare -Wundef -Wunused -Wwrite-strings -Waddress -Wattributes -Wcast-align -Wdeclaration-after-statement -Wdiv-by-zero -Wempty-body -Wendif-labels -Wfloat-equal -Wformat-security -Wignored-qualifiers -Wmissing-field-initializers -Wmissing-noreturn -Wno-format-nonliteral -Wno-system-headers -Wold-style-definition -Wredundant-decls -Wsign-conversion -Wno-error=sign-conversion -Wstrict-prototypes -Wtype-limits -Wunreachable-code -Wunused-parameter -Wvla -Wclobbered -Wmissing-parameter-type -Wold-style-declaration -Wstrict-aliasing=3 -Wtrampolines -Wformat=2 -Warray-bounds=2 -ftree-vrp -Wduplicated-cond -Wnull-dereference -fdelete-null-pointer-checks -Wshift-negative-value -Wshift-overflow=2 -Walloc-zero -Wduplicated-branches -Wformat-overflow=2 -Wformat-truncation=2 -Wimplicit-fallthrough -Wrestrict -Warith-conversion -Wdouble-promotion -Wenum-conversion -Wpragmas -Wunused-const-variable -DHAVE_IOCTLSOCKET_CAMEL  -DHAVE_SYS_WAIT_H -DHAVE_SYS_PARAM_H -DHAVE_SYS_RESOURCE_H -DHAVE_SYS_SELECT_H -DHAVE_SYS_STAT_H -DHAVE_SYS_TIME_H -DHAVE_SYS_TYPES_H -DHAVE_SYS_UTIME_H -DHAVE_FCNTL_H -DHAVE_LIBGEN_H -DHAVE_LOCALE_H -DHAVE_PWD_H -DHAVE_STDATOMIC_H -DHAVE_STDBOOL_H -DHAVE_STRINGS_H -DHAVE_UNISTD_H -DHAVE_UTIME_H -Wl,--build-id=none -nostdlib CMakeFiles/cmTC_e2b0d.dir/CurlTests.c.obj -o cmTC_e2b0d.elf  /opt/homebrew/Cellar/openssl@3/3.2.1/lib/libssl.a /opt/homebrew/Cellar/openssl@3/3.2.1/lib/libcrypto.a
/Applications/ArmGNUToolchain/13.2.Rel1/arm-none-eabi/bin/../lib/gcc/arm-none-eabi/13.2.1/../../../../arm-none-eabi/bin/ld: warning: cannot find entry symbol _start; defaulting to 00008000
/Applications/ArmGNUToolchain/13.2.Rel1/arm-none-eabi/bin/../lib/gcc/arm-none-eabi/13.2.1/../../../../arm-none-eabi/bin/ld: CMakeFiles/cmTC_e2b0d.dir/CurlTests.c.obj: in function `main':
CurlTests.c:(.text+0xa): undefined reference to `IoctlSocket'
collect2: error: ld returned 1 exit status
make[1]: *** [cmTC_e2b0d.elf] Error 1
make: *** [cmTC_e2b0d/fast] Error 2


Performing Test HAVE_IOCTLSOCKET_CAMEL_FIONBIO failed with the following output:
Change Dir: '/Users/chrisbezuidenhout/Documents/Programming/Projects/Greenhouse/build/CMakeFiles/CMakeTmp'

Run Build Command(s): /opt/homebrew/Cellar/cmake/3.29.0/bin/cmake -E env VERBOSE=1 /usr/bin/make -f Makefile cmTC_e49eb/fast
/Library/Developer/CommandLineTools/usr/bin/make  -f CMakeFiles/cmTC_e49eb.dir/build.make CMakeFiles/cmTC_e49eb.dir/build
Building C object CMakeFiles/cmTC_e49eb.dir/CurlTests.c.obj
/opt/homebrew/bin/arm-none-eabi-gcc   -mcpu=cortex-m0plus -mthumb  -W -Wall -pedantic -Wbad-function-cast -Wconversion -Winline -Wmissing-declarations -Wmissing-prototypes -Wnested-externs -Wno-long-long -Wno-multichar -Wpointer-arith -Wshadow -Wsign-compare -Wundef -Wunused -Wwrite-strings -Waddress -Wattributes -Wcast-align -Wdeclaration-after-statement -Wdiv-by-zero -Wempty-body -Wendif-labels -Wfloat-equal -Wformat-security -Wignored-qualifiers -Wmissing-field-initializers -Wmissing-noreturn -Wno-format-nonliteral -Wno-system-headers -Wold-style-definition -Wredundant-decls -Wsign-conversion -Wno-error=sign-conversion -Wstrict-prototypes -Wtype-limits -Wunreachable-code -Wunused-parameter -Wvla -Wclobbered -Wmissing-parameter-type -Wold-style-declaration -Wstrict-aliasing=3 -Wtrampolines -Wformat=2 -Warray-bounds=2 -ftree-vrp -Wduplicated-cond -Wnull-dereference -fdelete-null-pointer-checks -Wshift-negative-value -Wshift-overflow=2 -Walloc-zero -Wduplicated-branches -Wformat-overflow=2 -Wformat-truncation=2 -Wimplicit-fallthrough -Wrestrict -Warith-conversion -Wdouble-promotion -Wenum-conversion -Wpragmas -Wunused-const-variable -DHAVE_IOCTLSOCKET_CAMEL_FIONBIO  -DHAVE_SYS_WAIT_H -DHAVE_SYS_PARAM_H -DHAVE_SYS_RESOURCE_H -DHAVE_SYS_SELECT_H -DHAVE_SYS_STAT_H -DHAVE_SYS_TIME_H -DHAVE_SYS_TYPES_H -DHAVE_SYS_UTIME_H -DHAVE_FCNTL_H -DHAVE_LIBGEN_H -DHAVE_LOCALE_H -DHAVE_PWD_H -DHAVE_STDATOMIC_H -DHAVE_STDBOOL_H -DHAVE_STRINGS_H -DHAVE_UNISTD_H -DHAVE_UTIME_H -std=gnu11 -o CMakeFiles/cmTC_e49eb.dir/CurlTests.c.obj -c /Users/chrisbezuidenhout/Documents/Programming/Projects/Greenhouse/lib/curl/CMake/CurlTests.c
/Users/chrisbezuidenhout/Documents/Programming/Projects/Greenhouse/lib/curl/CMake/CurlTests.c: In function 'main':
/Users/chrisbezuidenhout/Documents/Programming/Projects/Greenhouse/lib/curl/CMake/CurlTests.c:214:11: warning: implicit declaration of function 'IoctlSocket' [-Wimplicit-function-declaration]
  214 |   if(0 != IoctlSocket(0, FIONBIO, &flags))
      |           ^~~~~~~~~~~
/Users/chrisbezuidenhout/Documents/Programming/Projects/Greenhouse/lib/curl/CMake/CurlTests.c:214:11: warning: nested extern declaration of 'IoctlSocket' [-Wnested-externs]
/Users/chrisbezuidenhout/Documents/Programming/Projects/Greenhouse/lib/curl/CMake/CurlTests.c:214:26: error: 'FIONBIO' undeclared (first use in this function)
  214 |   if(0 != IoctlSocket(0, FIONBIO, &flags))
      |                          ^~~~~~~
/Users/chrisbezuidenhout/Documents/Programming/Projects/Greenhouse/lib/curl/CMake/CurlTests.c:214:26: note: each undeclared identifier is reported only once for each function it appears in
make[1]: *** [CMakeFiles/cmTC_e49eb.dir/CurlTests.c.obj] Error 1
make: *** [cmTC_e49eb/fast] Error 2


Performing Test HAVE_IOCTLSOCKET_FIONBIO failed with the following output:
Change Dir: '/Users/chrisbezuidenhout/Documents/Programming/Projects/Greenhouse/build/CMakeFiles/CMakeTmp'

Run Build Command(s): /opt/homebrew/Cellar/cmake/3.29.0/bin/cmake -E env VERBOSE=1 /usr/bin/make -f Makefile cmTC_c768b/fast
/Library/Developer/CommandLineTools/usr/bin/make  -f CMakeFiles/cmTC_c768b.dir/build.make CMakeFiles/cmTC_c768b.dir/build
Building C object CMakeFiles/cmTC_c768b.dir/CurlTests.c.obj
/opt/homebrew/bin/arm-none-eabi-gcc   -mcpu=cortex-m0plus -mthumb  -W -Wall -pedantic -Wbad-function-cast -Wconversion -Winline -Wmissing-declarations -Wmissing-prototypes -Wnested-externs -Wno-long-long -Wno-multichar -Wpointer-arith -Wshadow -Wsign-compare -Wundef -Wunused -Wwrite-strings -Waddress -Wattributes -Wcast-align -Wdeclaration-after-statement -Wdiv-by-zero -Wempty-body -Wendif-labels -Wfloat-equal -Wformat-security -Wignored-qualifiers -Wmissing-field-initializers -Wmissing-noreturn -Wno-format-nonliteral -Wno-system-headers -Wold-style-definition -Wredundant-decls -Wsign-conversion -Wno-error=sign-conversion -Wstrict-prototypes -Wtype-limits -Wunreachable-code -Wunused-parameter -Wvla -Wclobbered -Wmissing-parameter-type -Wold-style-declaration -Wstrict-aliasing=3 -Wtrampolines -Wformat=2 -Warray-bounds=2 -ftree-vrp -Wduplicated-cond -Wnull-dereference -fdelete-null-pointer-checks -Wshift-negative-value -Wshift-overflow=2 -Walloc-zero -Wduplicated-branches -Wformat-overflow=2 -Wformat-truncation=2 -Wimplicit-fallthrough -Wrestrict -Warith-conversion -Wdouble-promotion -Wenum-conversion -Wpragmas -Wunused-const-variable -DHAVE_IOCTLSOCKET_FIONBIO  -DHAVE_SYS_WAIT_H -DHAVE_SYS_PARAM_H -DHAVE_SYS_RESOURCE_H -DHAVE_SYS_SELECT_H -DHAVE_SYS_STAT_H -DHAVE_SYS_TIME_H -DHAVE_SYS_TYPES_H -DHAVE_SYS_UTIME_H -DHAVE_FCNTL_H -DHAVE_LIBGEN_H -DHAVE_LOCALE_H -DHAVE_PWD_H -DHAVE_STDATOMIC_H -DHAVE_STDBOOL_H -DHAVE_STRINGS_H -DHAVE_UNISTD_H -DHAVE_UTIME_H -std=gnu11 -o CMakeFiles/cmTC_c768b.dir/CurlTests.c.obj -c /Users/chrisbezuidenhout/Documents/Programming/Projects/Greenhouse/lib/curl/CMake/CurlTests.c
/Users/chrisbezuidenhout/Documents/Programming/Projects/Greenhouse/lib/curl/CMake/CurlTests.c: In function 'main':
/Users/chrisbezuidenhout/Documents/Programming/Projects/Greenhouse/lib/curl/CMake/CurlTests.c:232:11: warning: implicit declaration of function 'ioctlsocket' [-Wimplicit-function-declaration]
  232 |   if(0 != ioctlsocket(0, FIONBIO, &flags))
      |           ^~~~~~~~~~~
/Users/chrisbezuidenhout/Documents/Programming/Projects/Greenhouse/lib/curl/CMake/CurlTests.c:232:11: warning: nested extern declaration of 'ioctlsocket' [-Wnested-externs]
/Users/chrisbezuidenhout/Documents/Programming/Projects/Greenhouse/lib/curl/CMake/CurlTests.c:232:26: error: 'FIONBIO' undeclared (first use in this function)
  232 |   if(0 != ioctlsocket(0, FIONBIO, &flags))
      |                          ^~~~~~~
/Users/chrisbezuidenhout/Documents/Programming/Projects/Greenhouse/lib/curl/CMake/CurlTests.c:232:26: note: each undeclared identifier is reported only once for each function it appears in
make[1]: *** [CMakeFiles/cmTC_c768b.dir/CurlTests.c.obj] Error 1
make: *** [cmTC_c768b/fast] Error 2


Performing Test HAVE_IOCTL_FIONBIO failed with the following output:
Change Dir: '/Users/chrisbezuidenhout/Documents/Programming/Projects/Greenhouse/build/CMakeFiles/CMakeTmp'

Run Build Command(s): /opt/homebrew/Cellar/cmake/3.29.0/bin/cmake -E env VERBOSE=1 /usr/bin/make -f Makefile cmTC_b04a8/fast
/Library/Developer/CommandLineTools/usr/bin/make  -f CMakeFiles/cmTC_b04a8.dir/build.make CMakeFiles/cmTC_b04a8.dir/build
Building C object CMakeFiles/cmTC_b04a8.dir/CurlTests.c.obj
/opt/homebrew/bin/arm-none-eabi-gcc   -mcpu=cortex-m0plus -mthumb  -W -Wall -pedantic -Wbad-function-cast -Wconversion -Winline -Wmissing-declarations -Wmissing-prototypes -Wnested-externs -Wno-long-long -Wno-multichar -Wpointer-arith -Wshadow -Wsign-compare -Wundef -Wunused -Wwrite-strings -Waddress -Wattributes -Wcast-align -Wdeclaration-after-statement -Wdiv-by-zero -Wempty-body -Wendif-labels -Wfloat-equal -Wformat-security -Wignored-qualifiers -Wmissing-field-initializers -Wmissing-noreturn -Wno-format-nonliteral -Wno-system-headers -Wold-style-definition -Wredundant-decls -Wsign-conversion -Wno-error=sign-conversion -Wstrict-prototypes -Wtype-limits -Wunreachable-code -Wunused-parameter -Wvla -Wclobbered -Wmissing-parameter-type -Wold-style-declaration -Wstrict-aliasing=3 -Wtrampolines -Wformat=2 -Warray-bounds=2 -ftree-vrp -Wduplicated-cond -Wnull-dereference -fdelete-null-pointer-checks -Wshift-negative-value -Wshift-overflow=2 -Walloc-zero -Wduplicated-branches -Wformat-overflow=2 -Wformat-truncation=2 -Wimplicit-fallthrough -Wrestrict -Warith-conversion -Wdouble-promotion -Wenum-conversion -Wpragmas -Wunused-const-variable -DHAVE_IOCTL_FIONBIO  -DHAVE_SYS_WAIT_H -DHAVE_SYS_PARAM_H -DHAVE_SYS_RESOURCE_H -DHAVE_SYS_SELECT_H -DHAVE_SYS_STAT_H -DHAVE_SYS_TIME_H -DHAVE_SYS_TYPES_H -DHAVE_SYS_UTIME_H -DHAVE_FCNTL_H -DHAVE_LIBGEN_H -DHAVE_LOCALE_H -DHAVE_PWD_H -DHAVE_STDATOMIC_H -DHAVE_STDBOOL_H -DHAVE_STRINGS_H -DHAVE_UNISTD_H -DHAVE_UTIME_H -std=gnu11 -o CMakeFiles/cmTC_b04a8.dir/CurlTests.c.obj -c /Users/chrisbezuidenhout/Documents/Programming/Projects/Greenhouse/lib/curl/CMake/CurlTests.c
/Users/chrisbezuidenhout/Documents/Programming/Projects/Greenhouse/lib/curl/CMake/CurlTests.c: In function 'main':
/Users/chrisbezuidenhout/Documents/Programming/Projects/Greenhouse/lib/curl/CMake/CurlTests.c:260:11: warning: implicit declaration of function 'ioctl' [-Wimplicit-function-declaration]
  260 |   if(0 != ioctl(0, FIONBIO, &flags))
      |           ^~~~~
/Users/chrisbezuidenhout/Documents/Programming/Projects/Greenhouse/lib/curl/CMake/CurlTests.c:260:11: warning: nested extern declaration of 'ioctl' [-Wnested-externs]
/Users/chrisbezuidenhout/Documents/Programming/Projects/Greenhouse/lib/curl/CMake/CurlTests.c:260:20: error: 'FIONBIO' undeclared (first use in this function)
  260 |   if(0 != ioctl(0, FIONBIO, &flags))
      |                    ^~~~~~~
/Users/chrisbezuidenhout/Documents/Programming/Projects/Greenhouse/lib/curl/CMake/CurlTests.c:260:20: note: each undeclared identifier is reported only once for each function it appears in
make[1]: *** [CMakeFiles/cmTC_b04a8.dir/CurlTests.c.obj] Error 1
make: *** [cmTC_b04a8/fast] Error 2


Performing Test HAVE_IOCTL_SIOCGIFADDR failed with the following output:
Change Dir: '/Users/chrisbezuidenhout/Documents/Programming/Projects/Greenhouse/build/CMakeFiles/CMakeTmp'

Run Build Command(s): /opt/homebrew/Cellar/cmake/3.29.0/bin/cmake -E env VERBOSE=1 /usr/bin/make -f Makefile cmTC_c6655/fast
/Library/Developer/CommandLineTools/usr/bin/make  -f CMakeFiles/cmTC_c6655.dir/build.make CMakeFiles/cmTC_c6655.dir/build
Building C object CMakeFiles/cmTC_c6655.dir/CurlTests.c.obj
/opt/homebrew/bin/arm-none-eabi-gcc   -mcpu=cortex-m0plus -mthumb  -W -Wall -pedantic -Wbad-function-cast -Wconversion -Winline -Wmissing-declarations -Wmissing-prototypes -Wnested-externs -Wno-long-long -Wno-multichar -Wpointer-arith -Wshadow -Wsign-compare -Wundef -Wunused -Wwrite-strings -Waddress -Wattributes -Wcast-align -Wdeclaration-after-statement -Wdiv-by-zero -Wempty-body -Wendif-labels -Wfloat-equal -Wformat-security -Wignored-qualifiers -Wmissing-field-initializers -Wmissing-noreturn -Wno-format-nonliteral -Wno-system-headers -Wold-style-definition -Wredundant-decls -Wsign-conversion -Wno-error=sign-conversion -Wstrict-prototypes -Wtype-limits -Wunreachable-code -Wunused-parameter -Wvla -Wclobbered -Wmissing-parameter-type -Wold-style-declaration -Wstrict-aliasing=3 -Wtrampolines -Wformat=2 -Warray-bounds=2 -ftree-vrp -Wduplicated-cond -Wnull-dereference -fdelete-null-pointer-checks -Wshift-negative-value -Wshift-overflow=2 -Walloc-zero -Wduplicated-branches -Wformat-overflow=2 -Wformat-truncation=2 -Wimplicit-fallthrough -Wrestrict -Warith-conversion -Wdouble-promotion -Wenum-conversion -Wpragmas -Wunused-const-variable -DHAVE_IOCTL_SIOCGIFADDR  -DHAVE_SYS_WAIT_H -DHAVE_SYS_PARAM_H -DHAVE_SYS_RESOURCE_H -DHAVE_SYS_SELECT_H -DHAVE_SYS_STAT_H -DHAVE_SYS_TIME_H -DHAVE_SYS_TYPES_H -DHAVE_SYS_UTIME_H -DHAVE_FCNTL_H -DHAVE_LIBGEN_H -DHAVE_LOCALE_H -DHAVE_PWD_H -DHAVE_STDATOMIC_H -DHAVE_STDBOOL_H -DHAVE_STRINGS_H -DHAVE_UNISTD_H -DHAVE_UTIME_H -std=gnu11 -o CMakeFiles/cmTC_c6655.dir/CurlTests.c.obj -c /Users/chrisbezuidenhout/Documents/Programming/Projects/Greenhouse/lib/curl/CMake/CurlTests.c
/Users/chrisbezuidenhout/Documents/Programming/Projects/Greenhouse/lib/curl/CMake/CurlTests.c:285:10: fatal error: net/if.h: No such file or directory
  285 | #include <net/if.h>
      |          ^~~~~~~~~~
compilation terminated.
make[1]: *** [CMakeFiles/cmTC_c6655.dir/CurlTests.c.obj] Error 1
make: *** [cmTC_c6655/fast] Error 2


Performing Test HAVE_SETSOCKOPT_SO_NONBLOCK failed with the following output:
Change Dir: '/Users/chrisbezuidenhout/Documents/Programming/Projects/Greenhouse/build/CMakeFiles/CMakeTmp'

Run Build Command(s): /opt/homebrew/Cellar/cmake/3.29.0/bin/cmake -E env VERBOSE=1 /usr/bin/make -f Makefile cmTC_18ca3/fast
/Library/Developer/CommandLineTools/usr/bin/make  -f CMakeFiles/cmTC_18ca3.dir/build.make CMakeFiles/cmTC_18ca3.dir/build
Building C object CMakeFiles/cmTC_18ca3.dir/CurlTests.c.obj
/opt/homebrew/bin/arm-none-eabi-gcc   -mcpu=cortex-m0plus -mthumb  -W -Wall -pedantic -Wbad-function-cast -Wconversion -Winline -Wmissing-declarations -Wmissing-prototypes -Wnested-externs -Wno-long-long -Wno-multichar -Wpointer-arith -Wshadow -Wsign-compare -Wundef -Wunused -Wwrite-strings -Waddress -Wattributes -Wcast-align -Wdeclaration-after-statement -Wdiv-by-zero -Wempty-body -Wendif-labels -Wfloat-equal -Wformat-security -Wignored-qualifiers -Wmissing-field-initializers -Wmissing-noreturn -Wno-format-nonliteral -Wno-system-headers -Wold-style-definition -Wredundant-decls -Wsign-conversion -Wno-error=sign-conversion -Wstrict-prototypes -Wtype-limits -Wunreachable-code -Wunused-parameter -Wvla -Wclobbered -Wmissing-parameter-type -Wold-style-declaration -Wstrict-aliasing=3 -Wtrampolines -Wformat=2 -Warray-bounds=2 -ftree-vrp -Wduplicated-cond -Wnull-dereference -fdelete-null-pointer-checks -Wshift-negative-value -Wshift-overflow=2 -Walloc-zero -Wduplicated-branches -Wformat-overflow=2 -Wformat-truncation=2 -Wimplicit-fallthrough -Wrestrict -Warith-conversion -Wdouble-promotion -Wenum-conversion -Wpragmas -Wunused-const-variable -DHAVE_SETSOCKOPT_SO_NONBLOCK  -DHAVE_SYS_WAIT_H -DHAVE_SYS_PARAM_H -DHAVE_SYS_RESOURCE_H -DHAVE_SYS_SELECT_H -DHAVE_SYS_STAT_H -DHAVE_SYS_TIME_H -DHAVE_SYS_TYPES_H -DHAVE_SYS_UTIME_H -DHAVE_FCNTL_H -DHAVE_LIBGEN_H -DHAVE_LOCALE_H -DHAVE_PWD_H -DHAVE_STDATOMIC_H -DHAVE_STDBOOL_H -DHAVE_STRINGS_H -DHAVE_UNISTD_H -DHAVE_UTIME_H -std=gnu11 -o CMakeFiles/cmTC_18ca3.dir/CurlTests.c.obj -c /Users/chrisbezuidenhout/Documents/Programming/Projects/Greenhouse/lib/curl/CMake/CurlTests.c
/Users/chrisbezuidenhout/Documents/Programming/Projects/Greenhouse/lib/curl/CMake/CurlTests.c: In function 'main':
/Users/chrisbezuidenhout/Documents/Programming/Projects/Greenhouse/lib/curl/CMake/CurlTests.c:314:11: warning: implicit declaration of function 'setsockopt' [-Wimplicit-function-declaration]
  314 |   if(0 != setsockopt(0, SOL_SOCKET, SO_NONBLOCK, 0, 0))
      |           ^~~~~~~~~~
/Users/chrisbezuidenhout/Documents/Programming/Projects/Greenhouse/lib/curl/CMake/CurlTests.c:314:11: warning: nested extern declaration of 'setsockopt' [-Wnested-externs]
/Users/chrisbezuidenhout/Documents/Programming/Projects/Greenhouse/lib/curl/CMake/CurlTests.c:314:25: error: 'SOL_SOCKET' undeclared (first use in this function)
  314 |   if(0 != setsockopt(0, SOL_SOCKET, SO_NONBLOCK, 0, 0))
      |                         ^~~~~~~~~~
/Users/chrisbezuidenhout/Documents/Programming/Projects/Greenhouse/lib/curl/CMake/CurlTests.c:314:25: note: each undeclared identifier is reported only once for each function it appears in
/Users/chrisbezuidenhout/Documents/Programming/Projects/Greenhouse/lib/curl/CMake/CurlTests.c:314:37: error: 'SO_NONBLOCK' undeclared (first use in this function)
  314 |   if(0 != setsockopt(0, SOL_SOCKET, SO_NONBLOCK, 0, 0))
      |                                     ^~~~~~~~~~~
make[1]: *** [CMakeFiles/cmTC_18ca3.dir/CurlTests.c.obj] Error 1
make: *** [cmTC_18ca3/fast] Error 2


Performing Test HAVE_GETHOSTBYNAME_R_3 failed with the following output:
Change Dir: '/Users/chrisbezuidenhout/Documents/Programming/Projects/Greenhouse/build/CMakeFiles/CMakeTmp'

Run Build Command(s): /opt/homebrew/Cellar/cmake/3.29.0/bin/cmake -E env VERBOSE=1 /usr/bin/make -f Makefile cmTC_875cc/fast
/Library/Developer/CommandLineTools/usr/bin/make  -f CMakeFiles/cmTC_875cc.dir/build.make CMakeFiles/cmTC_875cc.dir/build
Building C object CMakeFiles/cmTC_875cc.dir/CurlTests.c.obj
/opt/homebrew/bin/arm-none-eabi-gcc   -mcpu=cortex-m0plus -mthumb  -W -Wall -pedantic -Wbad-function-cast -Wconversion -Winline -Wmissing-declarations -Wmissing-prototypes -Wnested-externs -Wno-long-long -Wno-multichar -Wpointer-arith -Wshadow -Wsign-compare -Wundef -Wunused -Wwrite-strings -Waddress -Wattributes -Wcast-align -Wdeclaration-after-statement -Wdiv-by-zero -Wempty-body -Wendif-labels -Wfloat-equal -Wformat-security -Wignored-qualifiers -Wmissing-field-initializers -Wmissing-noreturn -Wno-format-nonliteral -Wno-system-headers -Wold-style-definition -Wredundant-decls -Wsign-conversion -Wno-error=sign-conversion -Wstrict-prototypes -Wtype-limits -Wunreachable-code -Wunused-parameter -Wvla -Wclobbered -Wmissing-parameter-type -Wold-style-declaration -Wstrict-aliasing=3 -Wtrampolines -Wformat=2 -Warray-bounds=2 -ftree-vrp -Wduplicated-cond -Wnull-dereference -fdelete-null-pointer-checks -Wshift-negative-value -Wshift-overflow=2 -Walloc-zero -Wduplicated-branches -Wformat-overflow=2 -Wformat-truncation=2 -Wimplicit-fallthrough -Wrestrict -Warith-conversion -Wdouble-promotion -Wenum-conversion -Wpragmas -Wunused-const-variable -DHAVE_GETHOSTBYNAME_R_3  -DHAVE_SYS_WAIT_H -DHAVE_SYS_PARAM_H -DHAVE_SYS_RESOURCE_H -DHAVE_SYS_SELECT_H -DHAVE_SYS_STAT_H -DHAVE_SYS_TIME_H -DHAVE_SYS_TYPES_H -DHAVE_SYS_UTIME_H -DHAVE_FCNTL_H -DHAVE_LIBGEN_H -DHAVE_LOCALE_H -DHAVE_PWD_H -DHAVE_STDATOMIC_H -DHAVE_STDBOOL_H -DHAVE_STRINGS_H -DHAVE_UNISTD_H -DHAVE_UTIME_H -std=gnu11 -o CMakeFiles/cmTC_875cc.dir/CurlTests.c.obj -c /Users/chrisbezuidenhout/Documents/Programming/Projects/Greenhouse/lib/curl/CMake/CurlTests.c
/Users/chrisbezuidenhout/Documents/Programming/Projects/Greenhouse/lib/curl/CMake/CurlTests.c:70:10: fatal error: netdb.h: No such file or directory
   70 | #include <netdb.h>
      |          ^~~~~~~~~
compilation terminated.
make[1]: *** [CMakeFiles/cmTC_875cc.dir/CurlTests.c.obj] Error 1
make: *** [cmTC_875cc/fast] Error 2


Performing Test HAVE_GETHOSTBYNAME_R_5 failed with the following output:
Change Dir: '/Users/chrisbezuidenhout/Documents/Programming/Projects/Greenhouse/build/CMakeFiles/CMakeTmp'

Run Build Command(s): /opt/homebrew/Cellar/cmake/3.29.0/bin/cmake -E env VERBOSE=1 /usr/bin/make -f Makefile cmTC_189f8/fast
/Library/Developer/CommandLineTools/usr/bin/make  -f CMakeFiles/cmTC_189f8.dir/build.make CMakeFiles/cmTC_189f8.dir/build
Building C object CMakeFiles/cmTC_189f8.dir/CurlTests.c.obj
/opt/homebrew/bin/arm-none-eabi-gcc   -mcpu=cortex-m0plus -mthumb  -W -Wall -pedantic -Wbad-function-cast -Wconversion -Winline -Wmissing-declarations -Wmissing-prototypes -Wnested-externs -Wno-long-long -Wno-multichar -Wpointer-arith -Wshadow -Wsign-compare -Wundef -Wunused -Wwrite-strings -Waddress -Wattributes -Wcast-align -Wdeclaration-after-statement -Wdiv-by-zero -Wempty-body -Wendif-labels -Wfloat-equal -Wformat-security -Wignored-qualifiers -Wmissing-field-initializers -Wmissing-noreturn -Wno-format-nonliteral -Wno-system-headers -Wold-style-definition -Wredundant-decls -Wsign-conversion -Wno-error=sign-conversion -Wstrict-prototypes -Wtype-limits -Wunreachable-code -Wunused-parameter -Wvla -Wclobbered -Wmissing-parameter-type -Wold-style-declaration -Wstrict-aliasing=3 -Wtrampolines -Wformat=2 -Warray-bounds=2 -ftree-vrp -Wduplicated-cond -Wnull-dereference -fdelete-null-pointer-checks -Wshift-negative-value -Wshift-overflow=2 -Walloc-zero -Wduplicated-branches -Wformat-overflow=2 -Wformat-truncation=2 -Wimplicit-fallthrough -Wrestrict -Warith-conversion -Wdouble-promotion -Wenum-conversion -Wpragmas -Wunused-const-variable -DHAVE_GETHOSTBYNAME_R_5  -DHAVE_SYS_WAIT_H -DHAVE_SYS_PARAM_H -DHAVE_SYS_RESOURCE_H -DHAVE_SYS_SELECT_H -DHAVE_SYS_STAT_H -DHAVE_SYS_TIME_H -DHAVE_SYS_TYPES_H -DHAVE_SYS_UTIME_H -DHAVE_FCNTL_H -DHAVE_LIBGEN_H -DHAVE_LOCALE_H -DHAVE_PWD_H -DHAVE_STDATOMIC_H -DHAVE_STDBOOL_H -DHAVE_STRINGS_H -DHAVE_UNISTD_H -DHAVE_UTIME_H -std=gnu11 -o CMakeFiles/cmTC_189f8.dir/CurlTests.c.obj -c /Users/chrisbezuidenhout/Documents/Programming/Projects/Greenhouse/lib/curl/CMake/CurlTests.c
/Users/chrisbezuidenhout/Documents/Programming/Projects/Greenhouse/lib/curl/CMake/CurlTests.c:70:10: fatal error: netdb.h: No such file or directory
   70 | #include <netdb.h>
      |          ^~~~~~~~~
compilation terminated.
make[1]: *** [CMakeFiles/cmTC_189f8.dir/CurlTests.c.obj] Error 1
make: *** [cmTC_189f8/fast] Error 2


Performing Test HAVE_GETHOSTBYNAME_R_6 failed with the following output:
Change Dir: '/Users/chrisbezuidenhout/Documents/Programming/Projects/Greenhouse/build/CMakeFiles/CMakeTmp'

Run Build Command(s): /opt/homebrew/Cellar/cmake/3.29.0/bin/cmake -E env VERBOSE=1 /usr/bin/make -f Makefile cmTC_a6c93/fast
/Library/Developer/CommandLineTools/usr/bin/make  -f CMakeFiles/cmTC_a6c93.dir/build.make CMakeFiles/cmTC_a6c93.dir/build
Building C object CMakeFiles/cmTC_a6c93.dir/CurlTests.c.obj
/opt/homebrew/bin/arm-none-eabi-gcc   -mcpu=cortex-m0plus -mthumb  -W -Wall -pedantic -Wbad-function-cast -Wconversion -Winline -Wmissing-declarations -Wmissing-prototypes -Wnested-externs -Wno-long-long -Wno-multichar -Wpointer-arith -Wshadow -Wsign-compare -Wundef -Wunused -Wwrite-strings -Waddress -Wattributes -Wcast-align -Wdeclaration-after-statement -Wdiv-by-zero -Wempty-body -Wendif-labels -Wfloat-equal -Wformat-security -Wignored-qualifiers -Wmissing-field-initializers -Wmissing-noreturn -Wno-format-nonliteral -Wno-system-headers -Wold-style-definition -Wredundant-decls -Wsign-conversion -Wno-error=sign-conversion -Wstrict-prototypes -Wtype-limits -Wunreachable-code -Wunused-parameter -Wvla -Wclobbered -Wmissing-parameter-type -Wold-style-declaration -Wstrict-aliasing=3 -Wtrampolines -Wformat=2 -Warray-bounds=2 -ftree-vrp -Wduplicated-cond -Wnull-dereference -fdelete-null-pointer-checks -Wshift-negative-value -Wshift-overflow=2 -Walloc-zero -Wduplicated-branches -Wformat-overflow=2 -Wformat-truncation=2 -Wimplicit-fallthrough -Wrestrict -Warith-conversion -Wdouble-promotion -Wenum-conversion -Wpragmas -Wunused-const-variable -DHAVE_GETHOSTBYNAME_R_6  -DHAVE_SYS_WAIT_H -DHAVE_SYS_PARAM_H -DHAVE_SYS_RESOURCE_H -DHAVE_SYS_SELECT_H -DHAVE_SYS_STAT_H -DHAVE_SYS_TIME_H -DHAVE_SYS_TYPES_H -DHAVE_SYS_UTIME_H -DHAVE_FCNTL_H -DHAVE_LIBGEN_H -DHAVE_LOCALE_H -DHAVE_PWD_H -DHAVE_STDATOMIC_H -DHAVE_STDBOOL_H -DHAVE_STRINGS_H -DHAVE_UNISTD_H -DHAVE_UTIME_H -std=gnu11 -o CMakeFiles/cmTC_a6c93.dir/CurlTests.c.obj -c /Users/chrisbezuidenhout/Documents/Programming/Projects/Greenhouse/lib/curl/CMake/CurlTests.c
/Users/chrisbezuidenhout/Documents/Programming/Projects/Greenhouse/lib/curl/CMake/CurlTests.c:70:10: fatal error: netdb.h: No such file or directory
   70 | #include <netdb.h>
      |          ^~~~~~~~~
compilation terminated.
make[1]: *** [CMakeFiles/cmTC_a6c93.dir/CurlTests.c.obj] Error 1
make: *** [cmTC_a6c93/fast] Error 2


Performing Test HAVE_GETHOSTBYNAME_R_3_REENTRANT failed with the following output:
Change Dir: '/Users/chrisbezuidenhout/Documents/Programming/Projects/Greenhouse/build/CMakeFiles/CMakeTmp'

Run Build Command(s): /opt/homebrew/Cellar/cmake/3.29.0/bin/cmake -E env VERBOSE=1 /usr/bin/make -f Makefile cmTC_54f66/fast
/Library/Developer/CommandLineTools/usr/bin/make  -f CMakeFiles/cmTC_54f66.dir/build.make CMakeFiles/cmTC_54f66.dir/build
Building C object CMakeFiles/cmTC_54f66.dir/CurlTests.c.obj
/opt/homebrew/bin/arm-none-eabi-gcc   -mcpu=cortex-m0plus -mthumb  -W -Wall -pedantic -Wbad-function-cast -Wconversion -Winline -Wmissing-declarations -Wmissing-prototypes -Wnested-externs -Wno-long-long -Wno-multichar -Wpointer-arith -Wshadow -Wsign-compare -Wundef -Wunused -Wwrite-strings -Waddress -Wattributes -Wcast-align -Wdeclaration-after-statement -Wdiv-by-zero -Wempty-body -Wendif-labels -Wfloat-equal -Wformat-security -Wignored-qualifiers -Wmissing-field-initializers -Wmissing-noreturn -Wno-format-nonliteral -Wno-system-headers -Wold-style-definition -Wredundant-decls -Wsign-conversion -Wno-error=sign-conversion -Wstrict-prototypes -Wtype-limits -Wunreachable-code -Wunused-parameter -Wvla -Wclobbered -Wmissing-parameter-type -Wold-style-declaration -Wstrict-aliasing=3 -Wtrampolines -Wformat=2 -Warray-bounds=2 -ftree-vrp -Wduplicated-cond -Wnull-dereference -fdelete-null-pointer-checks -Wshift-negative-value -Wshift-overflow=2 -Walloc-zero -Wduplicated-branches -Wformat-overflow=2 -Wformat-truncation=2 -Wimplicit-fallthrough -Wrestrict -Warith-conversion -Wdouble-promotion -Wenum-conversion -Wpragmas -Wunused-const-variable -DHAVE_GETHOSTBYNAME_R_3_REENTRANT  -DHAVE_SYS_WAIT_H -DHAVE_SYS_PARAM_H -DHAVE_SYS_RESOURCE_H -DHAVE_SYS_SELECT_H -DHAVE_SYS_STAT_H -DHAVE_SYS_TIME_H -DHAVE_SYS_TYPES_H -DHAVE_SYS_UTIME_H -DHAVE_FCNTL_H -DHAVE_LIBGEN_H -DHAVE_LOCALE_H -DHAVE_PWD_H -DHAVE_STDATOMIC_H -DHAVE_STDBOOL_H -DHAVE_STRINGS_H -DHAVE_UNISTD_H -DHAVE_UTIME_H -std=gnu11 -o CMakeFiles/cmTC_54f66.dir/CurlTests.c.obj -c /Users/chrisbezuidenhout/Documents/Programming/Projects/Greenhouse/lib/curl/CMake/CurlTests.c
/Users/chrisbezuidenhout/Documents/Programming/Projects/Greenhouse/lib/curl/CMake/CurlTests.c:70:10: fatal error: netdb.h: No such file or directory
   70 | #include <netdb.h>
      |          ^~~~~~~~~
compilation terminated.
make[1]: *** [CMakeFiles/cmTC_54f66.dir/CurlTests.c.obj] Error 1
make: *** [cmTC_54f66/fast] Error 2


Performing Test HAVE_GETHOSTBYNAME_R_5_REENTRANT failed with the following output:
Change Dir: '/Users/chrisbezuidenhout/Documents/Programming/Projects/Greenhouse/build/CMakeFiles/CMakeTmp'

Run Build Command(s): /opt/homebrew/Cellar/cmake/3.29.0/bin/cmake -E env VERBOSE=1 /usr/bin/make -f Makefile cmTC_02e8c/fast
/Library/Developer/CommandLineTools/usr/bin/make  -f CMakeFiles/cmTC_02e8c.dir/build.make CMakeFiles/cmTC_02e8c.dir/build
Building C object CMakeFiles/cmTC_02e8c.dir/CurlTests.c.obj
/opt/homebrew/bin/arm-none-eabi-gcc   -mcpu=cortex-m0plus -mthumb  -W -Wall -pedantic -Wbad-function-cast -Wconversion -Winline -Wmissing-declarations -Wmissing-prototypes -Wnested-externs -Wno-long-long -Wno-multichar -Wpointer-arith -Wshadow -Wsign-compare -Wundef -Wunused -Wwrite-strings -Waddress -Wattributes -Wcast-align -Wdeclaration-after-statement -Wdiv-by-zero -Wempty-body -Wendif-labels -Wfloat-equal -Wformat-security -Wignored-qualifiers -Wmissing-field-initializers -Wmissing-noreturn -Wno-format-nonliteral -Wno-system-headers -Wold-style-definition -Wredundant-decls -Wsign-conversion -Wno-error=sign-conversion -Wstrict-prototypes -Wtype-limits -Wunreachable-code -Wunused-parameter -Wvla -Wclobbered -Wmissing-parameter-type -Wold-style-declaration -Wstrict-aliasing=3 -Wtrampolines -Wformat=2 -Warray-bounds=2 -ftree-vrp -Wduplicated-cond -Wnull-dereference -fdelete-null-pointer-checks -Wshift-negative-value -Wshift-overflow=2 -Walloc-zero -Wduplicated-branches -Wformat-overflow=2 -Wformat-truncation=2 -Wimplicit-fallthrough -Wrestrict -Warith-conversion -Wdouble-promotion -Wenum-conversion -Wpragmas -Wunused-const-variable -DHAVE_GETHOSTBYNAME_R_5_REENTRANT  -DHAVE_SYS_WAIT_H -DHAVE_SYS_PARAM_H -DHAVE_SYS_RESOURCE_H -DHAVE_SYS_SELECT_H -DHAVE_SYS_STAT_H -DHAVE_SYS_TIME_H -DHAVE_SYS_TYPES_H -DHAVE_SYS_UTIME_H -DHAVE_FCNTL_H -DHAVE_LIBGEN_H -DHAVE_LOCALE_H -DHAVE_PWD_H -DHAVE_STDATOMIC_H -DHAVE_STDBOOL_H -DHAVE_STRINGS_H -DHAVE_UNISTD_H -DHAVE_UTIME_H -std=gnu11 -o CMakeFiles/cmTC_02e8c.dir/CurlTests.c.obj -c /Users/chrisbezuidenhout/Documents/Programming/Projects/Greenhouse/lib/curl/CMake/CurlTests.c
/Users/chrisbezuidenhout/Documents/Programming/Projects/Greenhouse/lib/curl/CMake/CurlTests.c:70:10: fatal error: netdb.h: No such file or directory
   70 | #include <netdb.h>
      |          ^~~~~~~~~
compilation terminated.
make[1]: *** [CMakeFiles/cmTC_02e8c.dir/CurlTests.c.obj] Error 1
make: *** [cmTC_02e8c/fast] Error 2


Performing Test HAVE_GETHOSTBYNAME_R_6_REENTRANT failed with the following output:
Change Dir: '/Users/chrisbezuidenhout/Documents/Programming/Projects/Greenhouse/build/CMakeFiles/CMakeTmp'

Run Build Command(s): /opt/homebrew/Cellar/cmake/3.29.0/bin/cmake -E env VERBOSE=1 /usr/bin/make -f Makefile cmTC_9c642/fast
/Library/Developer/CommandLineTools/usr/bin/make  -f CMakeFiles/cmTC_9c642.dir/build.make CMakeFiles/cmTC_9c642.dir/build
Building C object CMakeFiles/cmTC_9c642.dir/CurlTests.c.obj
/opt/homebrew/bin/arm-none-eabi-gcc   -mcpu=cortex-m0plus -mthumb  -W -Wall -pedantic -Wbad-function-cast -Wconversion -Winline -Wmissing-declarations -Wmissing-prototypes -Wnested-externs -Wno-long-long -Wno-multichar -Wpointer-arith -Wshadow -Wsign-compare -Wundef -Wunused -Wwrite-strings -Waddress -Wattributes -Wcast-align -Wdeclaration-after-statement -Wdiv-by-zero -Wempty-body -Wendif-labels -Wfloat-equal -Wformat-security -Wignored-qualifiers -Wmissing-field-initializers -Wmissing-noreturn -Wno-format-nonliteral -Wno-system-headers -Wold-style-definition -Wredundant-decls -Wsign-conversion -Wno-error=sign-conversion -Wstrict-prototypes -Wtype-limits -Wunreachable-code -Wunused-parameter -Wvla -Wclobbered -Wmissing-parameter-type -Wold-style-declaration -Wstrict-aliasing=3 -Wtrampolines -Wformat=2 -Warray-bounds=2 -ftree-vrp -Wduplicated-cond -Wnull-dereference -fdelete-null-pointer-checks -Wshift-negative-value -Wshift-overflow=2 -Walloc-zero -Wduplicated-branches -Wformat-overflow=2 -Wformat-truncation=2 -Wimplicit-fallthrough -Wrestrict -Warith-conversion -Wdouble-promotion -Wenum-conversion -Wpragmas -Wunused-const-variable -DHAVE_GETHOSTBYNAME_R_6_REENTRANT  -DHAVE_SYS_WAIT_H -DHAVE_SYS_PARAM_H -DHAVE_SYS_RESOURCE_H -DHAVE_SYS_SELECT_H -DHAVE_SYS_STAT_H -DHAVE_SYS_TIME_H -DHAVE_SYS_TYPES_H -DHAVE_SYS_UTIME_H -DHAVE_FCNTL_H -DHAVE_LIBGEN_H -DHAVE_LOCALE_H -DHAVE_PWD_H -DHAVE_STDATOMIC_H -DHAVE_STDBOOL_H -DHAVE_STRINGS_H -DHAVE_UNISTD_H -DHAVE_UTIME_H -std=gnu11 -o CMakeFiles/cmTC_9c642.dir/CurlTests.c.obj -c /Users/chrisbezuidenhout/Documents/Programming/Projects/Greenhouse/lib/curl/CMake/CurlTests.c
/Users/chrisbezuidenhout/Documents/Programming/Projects/Greenhouse/lib/curl/CMake/CurlTests.c:70:10: fatal error: netdb.h: No such file or directory
   70 | #include <netdb.h>
      |          ^~~~~~~~~
compilation terminated.
make[1]: *** [CMakeFiles/cmTC_9c642.dir/CurlTests.c.obj] Error 1
make: *** [cmTC_9c642/fast] Error 2


Performing Test HAVE_IN_ADDR_T failed with the following output:
Change Dir: '/Users/chrisbezuidenhout/Documents/Programming/Projects/Greenhouse/build/CMakeFiles/CMakeTmp'

Run Build Command(s): /opt/homebrew/Cellar/cmake/3.29.0/bin/cmake -E env VERBOSE=1 /usr/bin/make -f Makefile cmTC_72654/fast
/Library/Developer/CommandLineTools/usr/bin/make  -f CMakeFiles/cmTC_72654.dir/build.make CMakeFiles/cmTC_72654.dir/build
Building C object CMakeFiles/cmTC_72654.dir/CurlTests.c.obj
/opt/homebrew/bin/arm-none-eabi-gcc   -mcpu=cortex-m0plus -mthumb  -W -Wall -pedantic -Wbad-function-cast -Wconversion -Winline -Wmissing-declarations -Wmissing-prototypes -Wnested-externs -Wno-long-long -Wno-multichar -Wpointer-arith -Wshadow -Wsign-compare -Wundef -Wunused -Wwrite-strings -Waddress -Wattributes -Wcast-align -Wdeclaration-after-statement -Wdiv-by-zero -Wempty-body -Wendif-labels -Wfloat-equal -Wformat-security -Wignored-qualifiers -Wmissing-field-initializers -Wmissing-noreturn -Wno-format-nonliteral -Wno-system-headers -Wold-style-definition -Wredundant-decls -Wsign-conversion -Wno-error=sign-conversion -Wstrict-prototypes -Wtype-limits -Wunreachable-code -Wunused-parameter -Wvla -Wclobbered -Wmissing-parameter-type -Wold-style-declaration -Wstrict-aliasing=3 -Wtrampolines -Wformat=2 -Warray-bounds=2 -ftree-vrp -Wduplicated-cond -Wnull-dereference -fdelete-null-pointer-checks -Wshift-negative-value -Wshift-overflow=2 -Walloc-zero -Wduplicated-branches -Wformat-overflow=2 -Wformat-truncation=2 -Wimplicit-fallthrough -Wrestrict -Warith-conversion -Wdouble-promotion -Wenum-conversion -Wpragmas -Wunused-const-variable -DHAVE_IN_ADDR_T  -DHAVE_SYS_WAIT_H -DHAVE_SYS_PARAM_H -DHAVE_SYS_RESOURCE_H -DHAVE_SYS_SELECT_H -DHAVE_SYS_STAT_H -DHAVE_SYS_TIME_H -DHAVE_SYS_TYPES_H -DHAVE_SYS_UTIME_H -DHAVE_FCNTL_H -DHAVE_LIBGEN_H -DHAVE_LOCALE_H -DHAVE_PWD_H -DHAVE_STDATOMIC_H -DHAVE_STDBOOL_H -DHAVE_STRINGS_H -DHAVE_UNISTD_H -DHAVE_UTIME_H -std=gnu11 -o CMakeFiles/cmTC_72654.dir/CurlTests.c.obj -c /Users/chrisbezuidenhout/Documents/Programming/Projects/Greenhouse/lib/curl/CMake/CurlTests.c
/Users/chrisbezuidenhout/Documents/Programming/Projects/Greenhouse/lib/curl/CMake/CurlTests.c:111:10: fatal error: sys/socket.h: No such file or directory
  111 | #include <sys/socket.h>
      |          ^~~~~~~~~~~~~~
compilation terminated.
make[1]: *** [CMakeFiles/cmTC_72654.dir/CurlTests.c.obj] Error 1
make: *** [cmTC_72654/fast] Error 2


Performing Test HAVE_FILE_OFFSET_BITS failed with the following output:
Change Dir: '/Users/chrisbezuidenhout/Documents/Programming/Projects/Greenhouse/build/CMakeFiles/CMakeTmp'

Run Build Command(s): /opt/homebrew/Cellar/cmake/3.29.0/bin/cmake -E env VERBOSE=1 /usr/bin/make -f Makefile cmTC_ad7dc/fast
/Library/Developer/CommandLineTools/usr/bin/make  -f CMakeFiles/cmTC_ad7dc.dir/build.make CMakeFiles/cmTC_ad7dc.dir/build
Building C object CMakeFiles/cmTC_ad7dc.dir/CurlTests.c.obj
/opt/homebrew/bin/arm-none-eabi-gcc   -mcpu=cortex-m0plus -mthumb  -W -Wall -pedantic -Wbad-function-cast -Wconversion -Winline -Wmissing-declarations -Wmissing-prototypes -Wnested-externs -Wno-long-long -Wno-multichar -Wpointer-arith -Wshadow -Wsign-compare -Wundef -Wunused -Wwrite-strings -Waddress -Wattributes -Wcast-align -Wdeclaration-after-statement -Wdiv-by-zero -Wempty-body -Wendif-labels -Wfloat-equal -Wformat-security -Wignored-qualifiers -Wmissing-field-initializers -Wmissing-noreturn -Wno-format-nonliteral -Wno-system-headers -Wold-style-definition -Wredundant-decls -Wsign-conversion -Wno-error=sign-conversion -Wstrict-prototypes -Wtype-limits -Wunreachable-code -Wunused-parameter -Wvla -Wclobbered -Wmissing-parameter-type -Wold-style-declaration -Wstrict-aliasing=3 -Wtrampolines -Wformat=2 -Warray-bounds=2 -ftree-vrp -Wduplicated-cond -Wnull-dereference -fdelete-null-pointer-checks -Wshift-negative-value -Wshift-overflow=2 -Walloc-zero -Wduplicated-branches -Wformat-overflow=2 -Wformat-truncation=2 -Wimplicit-fallthrough -Wrestrict -Warith-conversion -Wdouble-promotion -Wenum-conversion -Wpragmas -Wunused-const-variable -DHAVE_FILE_OFFSET_BITS  -DHAVE_SYS_WAIT_H -DHAVE_SYS_PARAM_H -DHAVE_SYS_RESOURCE_H -DHAVE_SYS_SELECT_H -DHAVE_SYS_STAT_H -DHAVE_SYS_TIME_H -DHAVE_SYS_TYPES_H -DHAVE_SYS_UTIME_H -DHAVE_FCNTL_H -DHAVE_LIBGEN_H -DHAVE_LOCALE_H -DHAVE_PWD_H -DHAVE_STDATOMIC_H -DHAVE_STDBOOL_H -DHAVE_STRINGS_H -DHAVE_UNISTD_H -DHAVE_UTIME_H -std=gnu11 -o CMakeFiles/cmTC_ad7dc.dir/CurlTests.c.obj -c /Users/chrisbezuidenhout/Documents/Programming/Projects/Greenhouse/lib/curl/CMake/CurlTests.c
/Users/chrisbezuidenhout/Documents/Programming/Projects/Greenhouse/lib/curl/CMake/CurlTests.c:158:33: warning: left shift count >= width of type [-Wshift-count-overflow]
  158 | #define LARGE_OFF_T (((off_t) 1 << 62) - 1 + ((off_t) 1 << 62))
      |                                 ^~
/Users/chrisbezuidenhout/Documents/Programming/Projects/Greenhouse/lib/curl/CMake/CurlTests.c:159:23: note: in expansion of macro 'LARGE_OFF_T'
  159 |   int off_t_is_large[(LARGE_OFF_T % 2147483629 == 721
      |                       ^~~~~~~~~~~
/Users/chrisbezuidenhout/Documents/Programming/Projects/Greenhouse/lib/curl/CMake/CurlTests.c:158:57: warning: left shift count >= width of type [-Wshift-count-overflow]
  158 | #define LARGE_OFF_T (((off_t) 1 << 62) - 1 + ((off_t) 1 << 62))
      |                                                         ^~
/Users/chrisbezuidenhout/Documents/Programming/Projects/Greenhouse/lib/curl/CMake/CurlTests.c:159:23: note: in expansion of macro 'LARGE_OFF_T'
  159 |   int off_t_is_large[(LARGE_OFF_T % 2147483629 == 721
      |                       ^~~~~~~~~~~
/Users/chrisbezuidenhout/Documents/Programming/Projects/Greenhouse/lib/curl/CMake/CurlTests.c:158:33: warning: left shift count >= width of type [-Wshift-count-overflow]
  158 | #define LARGE_OFF_T (((off_t) 1 << 62) - 1 + ((off_t) 1 << 62))
      |                                 ^~
/Users/chrisbezuidenhout/Documents/Programming/Projects/Greenhouse/lib/curl/CMake/CurlTests.c:160:27: note: in expansion of macro 'LARGE_OFF_T'
  160 |                        && LARGE_OFF_T % 2147483647 == 1)
      |                           ^~~~~~~~~~~
/Users/chrisbezuidenhout/Documents/Programming/Projects/Greenhouse/lib/curl/CMake/CurlTests.c:158:57: warning: left shift count >= width of type [-Wshift-count-overflow]
  158 | #define LARGE_OFF_T (((off_t) 1 << 62) - 1 + ((off_t) 1 << 62))
      |                                                         ^~
/Users/chrisbezuidenhout/Documents/Programming/Projects/Greenhouse/lib/curl/CMake/CurlTests.c:160:27: note: in expansion of macro 'LARGE_OFF_T'
  160 |                        && LARGE_OFF_T % 2147483647 == 1)
      |                           ^~~~~~~~~~~
/Users/chrisbezuidenhout/Documents/Programming/Projects/Greenhouse/lib/curl/CMake/CurlTests.c:159:7: error: variably modified 'off_t_is_large' at file scope
  159 |   int off_t_is_large[(LARGE_OFF_T % 2147483629 == 721
      |       ^~~~~~~~~~~~~~
make[1]: *** [CMakeFiles/cmTC_ad7dc.dir/CurlTests.c.obj] Error 1
make: *** [cmTC_ad7dc/fast] Error 2


Performing Test HAVE_GLIBC_STRERROR_R failed with the following output:
Change Dir: '/Users/chrisbezuidenhout/Documents/Programming/Projects/Greenhouse/build/CMakeFiles/CMakeTmp'

Run Build Command(s): /opt/homebrew/Cellar/cmake/3.29.0/bin/cmake -E env VERBOSE=1 /usr/bin/make -f Makefile cmTC_667dd/fast
/Library/Developer/CommandLineTools/usr/bin/make  -f CMakeFiles/cmTC_667dd.dir/build.make CMakeFiles/cmTC_667dd.dir/build
Building C object CMakeFiles/cmTC_667dd.dir/CurlTests.c.obj
/opt/homebrew/bin/arm-none-eabi-gcc   -mcpu=cortex-m0plus -mthumb  -W -Wall -pedantic -Wbad-function-cast -Wconversion -Winline -Wmissing-declarations -Wmissing-prototypes -Wnested-externs -Wno-long-long -Wno-multichar -Wpointer-arith -Wshadow -Wsign-compare -Wundef -Wunused -Wwrite-strings -Waddress -Wattributes -Wcast-align -Wdeclaration-after-statement -Wdiv-by-zero -Wempty-body -Wendif-labels -Wfloat-equal -Wformat-security -Wignored-qualifiers -Wmissing-field-initializers -Wmissing-noreturn -Wno-format-nonliteral -Wno-system-headers -Wold-style-definition -Wredundant-decls -Wsign-conversion -Wno-error=sign-conversion -Wstrict-prototypes -Wtype-limits -Wunreachable-code -Wunused-parameter -Wvla -Wclobbered -Wmissing-parameter-type -Wold-style-declaration -Wstrict-aliasing=3 -Wtrampolines -Wformat=2 -Warray-bounds=2 -ftree-vrp -Wduplicated-cond -Wnull-dereference -fdelete-null-pointer-checks -Wshift-negative-value -Wshift-overflow=2 -Walloc-zero -Wduplicated-branches -Wformat-overflow=2 -Wformat-truncation=2 -Wimplicit-fallthrough -Wrestrict -Warith-conversion -Wdouble-promotion -Wenum-conversion -Wpragmas -Wunused-const-variable -DHAVE_GLIBC_STRERROR_R  -DHAVE_SYS_WAIT_H -DHAVE_SYS_PARAM_H -DHAVE_SYS_RESOURCE_H -DHAVE_SYS_SELECT_H -DHAVE_SYS_STAT_H -DHAVE_SYS_TIME_H -DHAVE_SYS_TYPES_H -DHAVE_SYS_UTIME_H -DHAVE_FCNTL_H -DHAVE_LIBGEN_H -DHAVE_LOCALE_H -DHAVE_PWD_H -DHAVE_STDATOMIC_H -DHAVE_STDBOOL_H -DHAVE_STRINGS_H -DHAVE_UNISTD_H -DHAVE_UTIME_H -std=gnu11 -o CMakeFiles/cmTC_667dd.dir/CurlTests.c.obj -c /Users/chrisbezuidenhout/Documents/Programming/Projects/Greenhouse/lib/curl/CMake/CurlTests.c
/Users/chrisbezuidenhout/Documents/Programming/Projects/Greenhouse/lib/curl/CMake/CurlTests.c:325:6: warning: no previous prototype for 'check' [-Wmissing-prototypes]
  325 | void check(char c) {}
      |      ^~~~~
/Users/chrisbezuidenhout/Documents/Programming/Projects/Greenhouse/lib/curl/CMake/CurlTests.c: In function 'check':
/Users/chrisbezuidenhout/Documents/Programming/Projects/Greenhouse/lib/curl/CMake/CurlTests.c:325:17: warning: unused parameter 'c' [-Wunused-parameter]
  325 | void check(char c) {}
      |            ~~~~~^
/Users/chrisbezuidenhout/Documents/Programming/Projects/Greenhouse/lib/curl/CMake/CurlTests.c: In function 'main':
/Users/chrisbezuidenhout/Documents/Programming/Projects/Greenhouse/lib/curl/CMake/CurlTests.c:331:51: error: subscripted value is neither array nor pointer nor vector
  331 |   check(strerror_r(EACCES, buffer, sizeof(buffer))[0]);
      |                                                   ^
make[1]: *** [CMakeFiles/cmTC_667dd.dir/CurlTests.c.obj] Error 1
make: *** [cmTC_667dd/fast] Error 2


Performing Test HAVE_POSIX_STRERROR_R failed with the following output:
Change Dir: '/Users/chrisbezuidenhout/Documents/Programming/Projects/Greenhouse/build/CMakeFiles/CMakeTmp'

Run Build Command(s): /opt/homebrew/Cellar/cmake/3.29.0/bin/cmake -E env VERBOSE=1 /usr/bin/make -f Makefile cmTC_02d09/fast
/Library/Developer/CommandLineTools/usr/bin/make  -f CMakeFiles/cmTC_02d09.dir/build.make CMakeFiles/cmTC_02d09.dir/build
Building C object CMakeFiles/cmTC_02d09.dir/CurlTests.c.obj
/opt/homebrew/bin/arm-none-eabi-gcc   -mcpu=cortex-m0plus -mthumb  -W -Wall -pedantic -Wbad-function-cast -Wconversion -Winline -Wmissing-declarations -Wmissing-prototypes -Wnested-externs -Wno-long-long -Wno-multichar -Wpointer-arith -Wshadow -Wsign-compare -Wundef -Wunused -Wwrite-strings -Waddress -Wattributes -Wcast-align -Wdeclaration-after-statement -Wdiv-by-zero -Wempty-body -Wendif-labels -Wfloat-equal -Wformat-security -Wignored-qualifiers -Wmissing-field-initializers -Wmissing-noreturn -Wno-format-nonliteral -Wno-system-headers -Wold-style-definition -Wredundant-decls -Wsign-conversion -Wno-error=sign-conversion -Wstrict-prototypes -Wtype-limits -Wunreachable-code -Wunused-parameter -Wvla -Wclobbered -Wmissing-parameter-type -Wold-style-declaration -Wstrict-aliasing=3 -Wtrampolines -Wformat=2 -Warray-bounds=2 -ftree-vrp -Wduplicated-cond -Wnull-dereference -fdelete-null-pointer-checks -Wshift-negative-value -Wshift-overflow=2 -Walloc-zero -Wduplicated-branches -Wformat-overflow=2 -Wformat-truncation=2 -Wimplicit-fallthrough -Wrestrict -Warith-conversion -Wdouble-promotion -Wenum-conversion -Wpragmas -Wunused-const-variable -DHAVE_POSIX_STRERROR_R  -DHAVE_SYS_WAIT_H -DHAVE_SYS_PARAM_H -DHAVE_SYS_RESOURCE_H -DHAVE_SYS_SELECT_H -DHAVE_SYS_STAT_H -DHAVE_SYS_TIME_H -DHAVE_SYS_TYPES_H -DHAVE_SYS_UTIME_H -DHAVE_FCNTL_H -DHAVE_LIBGEN_H -DHAVE_LOCALE_H -DHAVE_PWD_H -DHAVE_STDATOMIC_H -DHAVE_STDBOOL_H -DHAVE_STRINGS_H -DHAVE_UNISTD_H -DHAVE_UTIME_H -std=gnu11 -o CMakeFiles/cmTC_02d09.dir/CurlTests.c.obj -c /Users/chrisbezuidenhout/Documents/Programming/Projects/Greenhouse/lib/curl/CMake/CurlTests.c
/Users/chrisbezuidenhout/Documents/Programming/Projects/Greenhouse/lib/curl/CMake/CurlTests.c:341:6: warning: no previous prototype for 'check' [-Wmissing-prototypes]
  341 | void check(float f) {}
      |      ^~~~~
/Users/chrisbezuidenhout/Documents/Programming/Projects/Greenhouse/lib/curl/CMake/CurlTests.c: In function 'check':
/Users/chrisbezuidenhout/Documents/Programming/Projects/Greenhouse/lib/curl/CMake/CurlTests.c:341:18: warning: unused parameter 'f' [-Wunused-parameter]
  341 | void check(float f) {}
      |            ~~~~~~^
/Users/chrisbezuidenhout/Documents/Programming/Projects/Greenhouse/lib/curl/CMake/CurlTests.c: In function 'main':
/Users/chrisbezuidenhout/Documents/Programming/Projects/Greenhouse/lib/curl/CMake/CurlTests.c:347:9: warning: conversion from 'int' to 'float' may change value [-Wconversion]
  347 |   check(strerror_r(EACCES, buffer, sizeof(buffer)));
      |         ^~~~~~~~~~~~~~~~~~~~~~~~~~~~~~~~~~~~~~~~~~
Linking C executable cmTC_02d09.elf
/opt/homebrew/Cellar/cmake/3.29.0/bin/cmake -E cmake_link_script CMakeFiles/cmTC_02d09.dir/link.txt --verbose=1
/opt/homebrew/bin/arm-none-eabi-gcc -mcpu=cortex-m0plus -mthumb  -W -Wall -pedantic -Wbad-function-cast -Wconversion -Winline -Wmissing-declarations -Wmissing-prototypes -Wnested-externs -Wno-long-long -Wno-multichar -Wpointer-arith -Wshadow -Wsign-compare -Wundef -Wunused -Wwrite-strings -Waddress -Wattributes -Wcast-align -Wdeclaration-after-statement -Wdiv-by-zero -Wempty-body -Wendif-labels -Wfloat-equal -Wformat-security -Wignored-qualifiers -Wmissing-field-initializers -Wmissing-noreturn -Wno-format-nonliteral -Wno-system-headers -Wold-style-definition -Wredundant-decls -Wsign-conversion -Wno-error=sign-conversion -Wstrict-prototypes -Wtype-limits -Wunreachable-code -Wunused-parameter -Wvla -Wclobbered -Wmissing-parameter-type -Wold-style-declaration -Wstrict-aliasing=3 -Wtrampolines -Wformat=2 -Warray-bounds=2 -ftree-vrp -Wduplicated-cond -Wnull-dereference -fdelete-null-pointer-checks -Wshift-negative-value -Wshift-overflow=2 -Walloc-zero -Wduplicated-branches -Wformat-overflow=2 -Wformat-truncation=2 -Wimplicit-fallthrough -Wrestrict -Warith-conversion -Wdouble-promotion -Wenum-conversion -Wpragmas -Wunused-const-variable -DHAVE_POSIX_STRERROR_R  -DHAVE_SYS_WAIT_H -DHAVE_SYS_PARAM_H -DHAVE_SYS_RESOURCE_H -DHAVE_SYS_SELECT_H -DHAVE_SYS_STAT_H -DHAVE_SYS_TIME_H -DHAVE_SYS_TYPES_H -DHAVE_SYS_UTIME_H -DHAVE_FCNTL_H -DHAVE_LIBGEN_H -DHAVE_LOCALE_H -DHAVE_PWD_H -DHAVE_STDATOMIC_H -DHAVE_STDBOOL_H -DHAVE_STRINGS_H -DHAVE_UNISTD_H -DHAVE_UTIME_H -Wl,--build-id=none -nostdlib CMakeFiles/cmTC_02d09.dir/CurlTests.c.obj -o cmTC_02d09.elf  /opt/homebrew/Cellar/openssl@3/3.2.1/lib/libssl.a /opt/homebrew/Cellar/openssl@3/3.2.1/lib/libcrypto.a
/Applications/ArmGNUToolchain/13.2.Rel1/arm-none-eabi/bin/../lib/gcc/arm-none-eabi/13.2.1/../../../../arm-none-eabi/bin/ld: warning: cannot find entry symbol _start; defaulting to 00008000
/Applications/ArmGNUToolchain/13.2.Rel1/arm-none-eabi/bin/../lib/gcc/arm-none-eabi/13.2.1/../../../../arm-none-eabi/bin/ld: CMakeFiles/cmTC_02d09.dir/CurlTests.c.obj: in function `main':
CurlTests.c:(.text+0x22): undefined reference to `__xpg_strerror_r'
/Applications/ArmGNUToolchain/13.2.Rel1/arm-none-eabi/bin/../lib/gcc/arm-none-eabi/13.2.1/../../../../arm-none-eabi/bin/ld: CurlTests.c:(.text+0x2a): undefined reference to `__aeabi_i2f'
collect2: error: ld returned 1 exit status
make[1]: *** [cmTC_02d09.elf] Error 1
make: *** [cmTC_02d09/fast] Error 2


Performing Test HAVE_CLOCK_GETTIME_MONOTONIC failed with the following output:
Change Dir: '/Users/chrisbezuidenhout/Documents/Programming/Projects/Greenhouse/build/CMakeFiles/CMakeTmp'

Run Build Command(s): /opt/homebrew/Cellar/cmake/3.29.0/bin/cmake -E env VERBOSE=1 /usr/bin/make -f Makefile cmTC_de983/fast
/Library/Developer/CommandLineTools/usr/bin/make  -f CMakeFiles/cmTC_de983.dir/build.make CMakeFiles/cmTC_de983.dir/build
Building C object CMakeFiles/cmTC_de983.dir/CurlTests.c.obj
/opt/homebrew/bin/arm-none-eabi-gcc   -mcpu=cortex-m0plus -mthumb  -W -Wall -pedantic -Wbad-function-cast -Wconversion -Winline -Wmissing-declarations -Wmissing-prototypes -Wnested-externs -Wno-long-long -Wno-multichar -Wpointer-arith -Wshadow -Wsign-compare -Wundef -Wunused -Wwrite-strings -Waddress -Wattributes -Wcast-align -Wdeclaration-after-statement -Wdiv-by-zero -Wempty-body -Wendif-labels -Wfloat-equal -Wformat-security -Wignored-qualifiers -Wmissing-field-initializers -Wmissing-noreturn -Wno-format-nonliteral -Wno-system-headers -Wold-style-definition -Wredundant-decls -Wsign-conversion -Wno-error=sign-conversion -Wstrict-prototypes -Wtype-limits -Wunreachable-code -Wunused-parameter -Wvla -Wclobbered -Wmissing-parameter-type -Wold-style-declaration -Wstrict-aliasing=3 -Wtrampolines -Wformat=2 -Warray-bounds=2 -ftree-vrp -Wduplicated-cond -Wnull-dereference -fdelete-null-pointer-checks -Wshift-negative-value -Wshift-overflow=2 -Walloc-zero -Wduplicated-branches -Wformat-overflow=2 -Wformat-truncation=2 -Wimplicit-fallthrough -Wrestrict -Warith-conversion -Wdouble-promotion -Wenum-conversion -Wpragmas -Wunused-const-variable -DHAVE_CLOCK_GETTIME_MONOTONIC  -DHAVE_SYS_WAIT_H -DHAVE_SYS_PARAM_H -DHAVE_SYS_RESOURCE_H -DHAVE_SYS_SELECT_H -DHAVE_SYS_STAT_H -DHAVE_SYS_TIME_H -DHAVE_SYS_TYPES_H -DHAVE_SYS_UTIME_H -DHAVE_FCNTL_H -DHAVE_LIBGEN_H -DHAVE_LOCALE_H -DHAVE_PWD_H -DHAVE_STDATOMIC_H -DHAVE_STDBOOL_H -DHAVE_STRINGS_H -DHAVE_UNISTD_H -DHAVE_UTIME_H -std=gnu11 -o CMakeFiles/cmTC_de983.dir/CurlTests.c.obj -c /Users/chrisbezuidenhout/Documents/Programming/Projects/Greenhouse/lib/curl/CMake/CurlTests.c
/Users/chrisbezuidenhout/Documents/Programming/Projects/Greenhouse/lib/curl/CMake/CurlTests.c: In function 'main':
/Users/chrisbezuidenhout/Documents/Programming/Projects/Greenhouse/lib/curl/CMake/CurlTests.c:375:3: warning: implicit declaration of function 'clock_gettime' [-Wimplicit-function-declaration]
  375 |   clock_gettime(CLOCK_MONOTONIC, &ts);
      |   ^~~~~~~~~~~~~
/Users/chrisbezuidenhout/Documents/Programming/Projects/Greenhouse/lib/curl/CMake/CurlTests.c:375:3: warning: nested extern declaration of 'clock_gettime' [-Wnested-externs]
/Users/chrisbezuidenhout/Documents/Programming/Projects/Greenhouse/lib/curl/CMake/CurlTests.c:375:17: error: 'CLOCK_MONOTONIC' undeclared (first use in this function)
  375 |   clock_gettime(CLOCK_MONOTONIC, &ts);
      |                 ^~~~~~~~~~~~~~~
/Users/chrisbezuidenhout/Documents/Programming/Projects/Greenhouse/lib/curl/CMake/CurlTests.c:375:17: note: each undeclared identifier is reported only once for each function it appears in
make[1]: *** [CMakeFiles/cmTC_de983.dir/CurlTests.c.obj] Error 1
make: *** [cmTC_de983/fast] Error 2


Performing Test HAVE_BUILTIN_AVAILABLE failed with the following output:
Change Dir: '/Users/chrisbezuidenhout/Documents/Programming/Projects/Greenhouse/build/CMakeFiles/CMakeTmp'

Run Build Command(s): /opt/homebrew/Cellar/cmake/3.29.0/bin/cmake -E env VERBOSE=1 /usr/bin/make -f Makefile cmTC_4dbf1/fast
/Library/Developer/CommandLineTools/usr/bin/make  -f CMakeFiles/cmTC_4dbf1.dir/build.make CMakeFiles/cmTC_4dbf1.dir/build
Building C object CMakeFiles/cmTC_4dbf1.dir/CurlTests.c.obj
/opt/homebrew/bin/arm-none-eabi-gcc   -mcpu=cortex-m0plus -mthumb  -W -Wall -pedantic -Wbad-function-cast -Wconversion -Winline -Wmissing-declarations -Wmissing-prototypes -Wnested-externs -Wno-long-long -Wno-multichar -Wpointer-arith -Wshadow -Wsign-compare -Wundef -Wunused -Wwrite-strings -Waddress -Wattributes -Wcast-align -Wdeclaration-after-statement -Wdiv-by-zero -Wempty-body -Wendif-labels -Wfloat-equal -Wformat-security -Wignored-qualifiers -Wmissing-field-initializers -Wmissing-noreturn -Wno-format-nonliteral -Wno-system-headers -Wold-style-definition -Wredundant-decls -Wsign-conversion -Wno-error=sign-conversion -Wstrict-prototypes -Wtype-limits -Wunreachable-code -Wunused-parameter -Wvla -Wclobbered -Wmissing-parameter-type -Wold-style-declaration -Wstrict-aliasing=3 -Wtrampolines -Wformat=2 -Warray-bounds=2 -ftree-vrp -Wduplicated-cond -Wnull-dereference -fdelete-null-pointer-checks -Wshift-negative-value -Wshift-overflow=2 -Walloc-zero -Wduplicated-branches -Wformat-overflow=2 -Wformat-truncation=2 -Wimplicit-fallthrough -Wrestrict -Warith-conversion -Wdouble-promotion -Wenum-conversion -Wpragmas -Wunused-const-variable -DHAVE_BUILTIN_AVAILABLE  -DHAVE_SYS_WAIT_H -DHAVE_SYS_PARAM_H -DHAVE_SYS_RESOURCE_H -DHAVE_SYS_SELECT_H -DHAVE_SYS_STAT_H -DHAVE_SYS_TIME_H -DHAVE_SYS_TYPES_H -DHAVE_SYS_UTIME_H -DHAVE_FCNTL_H -DHAVE_LIBGEN_H -DHAVE_LOCALE_H -DHAVE_PWD_H -DHAVE_STDATOMIC_H -DHAVE_STDBOOL_H -DHAVE_STRINGS_H -DHAVE_UNISTD_H -DHAVE_UTIME_H -std=gnu11 -o CMakeFiles/cmTC_4dbf1.dir/CurlTests.c.obj -c /Users/chrisbezuidenhout/Documents/Programming/Projects/Greenhouse/lib/curl/CMake/CurlTests.c
/Users/chrisbezuidenhout/Documents/Programming/Projects/Greenhouse/lib/curl/CMake/CurlTests.c: In function 'main':
/Users/chrisbezuidenhout/Documents/Programming/Projects/Greenhouse/lib/curl/CMake/CurlTests.c:383:6: warning: implicit declaration of function '__builtin_available'; did you mean '__builtin_scalbl'? [-Wimplicit-function-declaration]
  383 |   if(__builtin_available(macOS 10.12, *)) {}
      |      ^~~~~~~~~~~~~~~~~~~
      |      __builtin_scalbl
/Users/chrisbezuidenhout/Documents/Programming/Projects/Greenhouse/lib/curl/CMake/CurlTests.c:383:6: warning: nested extern declaration of '__builtin_available' [-Wnested-externs]
/Users/chrisbezuidenhout/Documents/Programming/Projects/Greenhouse/lib/curl/CMake/CurlTests.c:383:26: error: 'macOS' undeclared (first use in this function)
  383 |   if(__builtin_available(macOS 10.12, *)) {}
      |                          ^~~~~
/Users/chrisbezuidenhout/Documents/Programming/Projects/Greenhouse/lib/curl/CMake/CurlTests.c:383:26: note: each undeclared identifier is reported only once for each function it appears in
/Users/chrisbezuidenhout/Documents/Programming/Projects/Greenhouse/lib/curl/CMake/CurlTests.c:383:31: error: expected ')' before numeric constant
  383 |   if(__builtin_available(macOS 10.12, *)) {}
      |                         ~     ^~~~~~
      |                               )
make[1]: *** [CMakeFiles/cmTC_4dbf1.dir/CurlTests.c.obj] Error 1
make: *** [cmTC_4dbf1/fast] Error 2


